[debug] [2023-06-27T06:12:29.398Z] ----------------------------------------------------------------------
[debug] [2023-06-27T06:12:29.400Z] Command:       C:\Program Files\nodejs\node.exe C:\Program Files\nodejs\node_modules\firebase-tools\lib\bin\firebase.js init
[debug] [2023-06-27T06:12:29.400Z] CLI Version:   12.3.1
[debug] [2023-06-27T06:12:29.400Z] Platform:      win32
[debug] [2023-06-27T06:12:29.401Z] Node Version:  v16.16.0
[debug] [2023-06-27T06:12:29.401Z] Time:          Tue Jun 27 2023 11:57:29 GMT+0545 (Nepal Time)
[debug] [2023-06-27T06:12:29.401Z] ----------------------------------------------------------------------
[debug] 
[debug] [2023-06-27T06:12:29.406Z] > command requires scopes: ["email","openid","https://www.googleapis.com/auth/cloudplatformprojects.readonly","https://www.googleapis.com/auth/firebase","https://www.googleapis.com/auth/cloud-platform"]
[debug] [2023-06-27T06:12:29.407Z] > authorizing via signed-in user (amand4ngol@gmail.com)
[info] 
     ######## #### ########  ######## ########     ###     ######  ########
     ##        ##  ##     ## ##       ##     ##  ##   ##  ##       ##
     ######    ##  ########  ######   ########  #########  ######  ######
     ##        ##  ##    ##  ##       ##     ## ##     ##       ## ##
     ##       #### ##     ## ######## ########  ##     ##  ######  ########

You're about to initialize a Firebase project in this directory:

  C:\Users\acer\Desktop\planner-app

[info] 
=== Project Setup
[info] 
[info] First, let's associate this project directory with a Firebase project.
[info] You can create multiple project aliases by running firebase use --add, 
[info] but for now we'll just set up a default project.
[info] 
[info] i  If you want to create a project in a Google Cloud organization or folder, please use "firebase projects:create" instead, and return to this command when you've created the project. 
